2024-10-10 12:35:17 INFO  MyWebApplication - Starting MyWebApplication using Java 23 with PID 7752 (D:\git\i-notes\web\target\classes started by admin in D:\git\i-notes\web)
2024-10-10 12:35:17 INFO  MyWebApplication - No active profile set, falling back to 1 default profile: "default"
2024-10-10 12:35:19 INFO  TomcatWebServer - Tomcat initialized with port 8089 (http)
2024-10-10 12:35:19 INFO  Http11NioProtocol - Initializing ProtocolHandler ["http-nio-8089"]
2024-10-10 12:35:19 INFO  StandardService - Starting service [Tomcat]
2024-10-10 12:35:19 INFO  StandardEngine - Starting Servlet engine: [Apache Tomcat/10.1.30]
2024-10-10 12:35:19 INFO  [/] - Initializing Spring embedded WebApplicationContext
2024-10-10 12:35:19 INFO  ServletWebServerApplicationContext - Root WebApplicationContext: initialization completed in 1632 ms
2024-10-10 12:35:19 INFO  Http11NioProtocol - Starting ProtocolHandler ["http-nio-8089"]
2024-10-10 12:35:19 INFO  TomcatWebServer - Tomcat started on port 8089 (http) with context path '/'
2024-10-10 12:35:19 INFO  MyWebApplication - Started MyWebApplication in 2.877 seconds (process running for 4.109)
2024-10-10 12:35:49 INFO  MyWebApplication - Starting MyWebApplication using Java 23 with PID 3184 (D:\git\i-notes\web\target\classes started by admin in D:\git\i-notes\web)
2024-10-10 12:35:49 INFO  MyWebApplication - No active profile set, falling back to 1 default profile: "default"
2024-10-10 12:35:50 INFO  TomcatWebServer - Tomcat initialized with port 8080 (http)
2024-10-10 12:35:50 INFO  Http11NioProtocol - Initializing ProtocolHandler ["http-nio-8080"]
2024-10-10 12:35:50 INFO  StandardService - Starting service [Tomcat]
2024-10-10 12:35:50 INFO  StandardEngine - Starting Servlet engine: [Apache Tomcat/10.1.30]
2024-10-10 12:35:50 INFO  [/] - Initializing Spring embedded WebApplicationContext
2024-10-10 12:35:50 INFO  ServletWebServerApplicationContext - Root WebApplicationContext: initialization completed in 1407 ms
2024-10-10 12:35:51 INFO  Http11NioProtocol - Starting ProtocolHandler ["http-nio-8080"]
2024-10-10 12:35:51 INFO  TomcatWebServer - Tomcat started on port 8080 (http) with context path '/'
2024-10-10 12:35:51 INFO  MyWebApplication - Started MyWebApplication in 2.452 seconds (process running for 3.715)
2024-10-10 12:35:58 INFO  [/] - Initializing Spring DispatcherServlet 'dispatcherServlet'
2024-10-10 12:35:58 INFO  DispatcherServlet - Initializing Servlet 'dispatcherServlet'
2024-10-10 12:35:58 INFO  DispatcherServlet - Completed initialization in 1 ms
2024-10-10 12:38:57 INFO  MyWebApplication - Starting MyWebApplication using Java 23 with PID 2192 (D:\git\i-notes\web\target\classes started by admin in D:\git\i-notes\web)
2024-10-10 12:38:57 INFO  MyWebApplication - No active profile set, falling back to 1 default profile: "default"
2024-10-10 12:38:58 INFO  TomcatWebServer - Tomcat initialized with port 8080 (http)
2024-10-10 12:38:58 INFO  Http11NioProtocol - Initializing ProtocolHandler ["http-nio-8080"]
2024-10-10 12:38:58 INFO  StandardService - Starting service [Tomcat]
2024-10-10 12:38:58 INFO  StandardEngine - Starting Servlet engine: [Apache Tomcat/10.1.30]
2024-10-10 12:38:58 INFO  [/] - Initializing Spring embedded WebApplicationContext
2024-10-10 12:38:58 INFO  ServletWebServerApplicationContext - Root WebApplicationContext: initialization completed in 1455 ms
2024-10-10 12:38:59 INFO  Http11NioProtocol - Starting ProtocolHandler ["http-nio-8080"]
2024-10-10 12:38:59 INFO  TomcatWebServer - Tomcat started on port 8080 (http) with context path '/'
2024-10-10 12:38:59 INFO  MyWebApplication - Started MyWebApplication in 2.568 seconds (process running for 3.786)
2024-10-10 12:39:00 INFO  [/] - Initializing Spring DispatcherServlet 'dispatcherServlet'
2024-10-10 12:39:00 INFO  DispatcherServlet - Initializing Servlet 'dispatcherServlet'
2024-10-10 12:39:00 INFO  DispatcherServlet - Completed initialization in 1 ms
2024-10-10 12:48:48 INFO  MyWebApplication - Starting MyWebApplication using Java 23 with PID 4260 (D:\git\i-notes\web\target\classes started by admin in D:\git\i-notes\web)
2024-10-10 12:48:48 INFO  MyWebApplication - No active profile set, falling back to 1 default profile: "default"
2024-10-10 12:48:50 INFO  TomcatWebServer - Tomcat initialized with port 8080 (http)
2024-10-10 12:48:50 INFO  Http11NioProtocol - Initializing ProtocolHandler ["http-nio-8080"]
2024-10-10 12:48:50 INFO  StandardService - Starting service [Tomcat]
2024-10-10 12:48:50 INFO  StandardEngine - Starting Servlet engine: [Apache Tomcat/10.1.30]
2024-10-10 12:48:50 INFO  [/] - Initializing Spring embedded WebApplicationContext
2024-10-10 12:48:50 INFO  ServletWebServerApplicationContext - Root WebApplicationContext: initialization completed in 1601 ms
2024-10-10 12:48:50 INFO  Http11NioProtocol - Starting ProtocolHandler ["http-nio-8080"]
2024-10-10 12:48:50 INFO  TomcatWebServer - Tomcat started on port 8080 (http) with context path '/'
2024-10-10 12:48:50 INFO  MyWebApplication - Started MyWebApplication in 2.726 seconds (process running for 4.053)
2024-10-10 12:48:58 INFO  [/] - Initializing Spring DispatcherServlet 'dispatcherServlet'
2024-10-10 12:48:58 INFO  DispatcherServlet - Initializing Servlet 'dispatcherServlet'
2024-10-10 12:48:58 INFO  DispatcherServlet - Completed initialization in 1 ms
2024-10-10 12:48:58 INFO  IndexController - 收到请求
2024-10-10 12:49:01 INFO  IndexController - 收到请求
2024-10-10 12:49:41 [main] INFO  MyWebApplication - Starting MyWebApplication using Java 23 with PID 3220 (D:\git\i-notes\web\target\classes started by admin in D:\git\i-notes\web)
2024-10-10 12:49:41 [main] INFO  MyWebApplication - No active profile set, falling back to 1 default profile: "default"
2024-10-10 12:49:42 [main] INFO  TomcatWebServer - Tomcat initialized with port 8080 (http)
2024-10-10 12:49:42 [main] INFO  Http11NioProtocol - Initializing ProtocolHandler ["http-nio-8080"]
2024-10-10 12:49:42 [main] INFO  StandardService - Starting service [Tomcat]
2024-10-10 12:49:42 [main] INFO  StandardEngine - Starting Servlet engine: [Apache Tomcat/10.1.30]
2024-10-10 12:49:42 [main] INFO  [/] - Initializing Spring embedded WebApplicationContext
2024-10-10 12:49:42 [main] INFO  ServletWebServerApplicationContext - Root WebApplicationContext: initialization completed in 1629 ms
2024-10-10 12:49:43 [main] INFO  Http11NioProtocol - Starting ProtocolHandler ["http-nio-8080"]
2024-10-10 12:49:43 [main] INFO  TomcatWebServer - Tomcat started on port 8080 (http) with context path '/'
2024-10-10 12:49:43 [main] INFO  MyWebApplication - Started MyWebApplication in 2.751 seconds (process running for 4.145)
2024-10-10 12:49:43 [http-nio-8080-exec-1] INFO  [/] - Initializing Spring DispatcherServlet 'dispatcherServlet'
2024-10-10 12:49:43 [http-nio-8080-exec-1] INFO  DispatcherServlet - Initializing Servlet 'dispatcherServlet'
2024-10-10 12:49:43 [http-nio-8080-exec-1] INFO  DispatcherServlet - Completed initialization in 3 ms
2024-10-10 12:49:43 [http-nio-8080-exec-1] INFO  IndexController - 收到请求
2024-10-10 12:49:46 [http-nio-8080-exec-2] INFO  IndexController - 收到请求
2024-10-10 12:49:47 [http-nio-8080-exec-3] INFO  IndexController - 收到请求
2024-10-10 12:49:48 [http-nio-8080-exec-4] INFO  IndexController - 收到请求
2024-10-10 12:49:48 [http-nio-8080-exec-5] INFO  IndexController - 收到请求
2024-10-10 12:49:49 [http-nio-8080-exec-6] INFO  IndexController - 收到请求
2024-10-10 12:49:49 [http-nio-8080-exec-7] INFO  IndexController - 收到请求
2024-10-10 12:49:49 [http-nio-8080-exec-8] INFO  IndexController - 收到请求
2024-10-10 12:49:50 [http-nio-8080-exec-9] INFO  IndexController - 收到请求
2024-10-10 12:49:50 [http-nio-8080-exec-10] INFO  IndexController - 收到请求
2024-10-10 12:49:50 [http-nio-8080-exec-1] INFO  IndexController - 收到请求
2024-10-10 12:49:50 [http-nio-8080-exec-2] INFO  IndexController - 收到请求
2024-10-10 12:49:51 [http-nio-8080-exec-3] INFO  IndexController - 收到请求
2024-10-10 12:49:51 [http-nio-8080-exec-4] INFO  IndexController - 收到请求
2024-10-10 12:49:51 [http-nio-8080-exec-5] INFO  IndexController - 收到请求
2024-10-10 12:49:51 [http-nio-8080-exec-6] INFO  IndexController - 收到请求
2024-10-10 12:49:51 [http-nio-8080-exec-7] INFO  IndexController - 收到请求
2024-10-10 12:49:52 [http-nio-8080-exec-8] INFO  IndexController - 收到请求
2024-10-10 12:49:52 [http-nio-8080-exec-9] INFO  IndexController - 收到请求
2024-10-10 12:49:52 [http-nio-8080-exec-10] INFO  IndexController - 收到请求
2024-10-10 12:49:52 [http-nio-8080-exec-1] INFO  IndexController - 收到请求
2024-10-10 12:49:52 [http-nio-8080-exec-2] INFO  IndexController - 收到请求
2024-10-10 12:49:53 [http-nio-8080-exec-3] INFO  IndexController - 收到请求
2024-10-10 12:49:53 [http-nio-8080-exec-4] INFO  IndexController - 收到请求
2024-10-10 12:49:53 [http-nio-8080-exec-5] INFO  IndexController - 收到请求
2024-10-10 12:49:53 [http-nio-8080-exec-6] INFO  IndexController - 收到请求
2024-10-10 12:49:53 [http-nio-8080-exec-7] INFO  IndexController - 收到请求
2024-10-10 12:49:54 [http-nio-8080-exec-8] INFO  IndexController - 收到请求
2024-10-10 12:49:54 [http-nio-8080-exec-9] INFO  IndexController - 收到请求
2024-10-10 12:49:54 [http-nio-8080-exec-10] INFO  IndexController - 收到请求
2024-10-10 12:49:54 [http-nio-8080-exec-1] INFO  IndexController - 收到请求
2024-10-10 12:49:54 [http-nio-8080-exec-2] INFO  IndexController - 收到请求
2024-10-10 12:49:55 [http-nio-8080-exec-3] INFO  IndexController - 收到请求
2024-10-10 12:49:55 [http-nio-8080-exec-4] INFO  IndexController - 收到请求
2024-10-10 12:49:55 [http-nio-8080-exec-5] INFO  IndexController - 收到请求
2024-10-10 12:49:55 [http-nio-8080-exec-6] INFO  IndexController - 收到请求
2024-10-10 12:49:55 [http-nio-8080-exec-7] INFO  IndexController - 收到请求
2024-10-10 12:49:56 [http-nio-8080-exec-8] INFO  IndexController - 收到请求
2024-10-10 12:49:56 [http-nio-8080-exec-9] INFO  IndexController - 收到请求
2024-10-10 12:49:56 [http-nio-8080-exec-10] INFO  IndexController - 收到请求
2024-10-10 12:49:56 [http-nio-8080-exec-1] INFO  IndexController - 收到请求
2024-10-10 12:49:56 [http-nio-8080-exec-2] INFO  IndexController - 收到请求
2024-10-10 12:49:57 [http-nio-8080-exec-3] INFO  IndexController - 收到请求
2024-10-10 12:49:57 [http-nio-8080-exec-4] INFO  IndexController - 收到请求
2024-10-10 12:49:57 [http-nio-8080-exec-5] INFO  IndexController - 收到请求
2024-10-10 12:49:57 [http-nio-8080-exec-6] INFO  IndexController - 收到请求
2024-10-10 12:49:57 [http-nio-8080-exec-7] INFO  IndexController - 收到请求
2024-10-10 12:49:58 [http-nio-8080-exec-8] INFO  IndexController - 收到请求
2024-10-10 12:49:58 [http-nio-8080-exec-9] INFO  IndexController - 收到请求
2024-10-10 12:49:58 [http-nio-8080-exec-10] INFO  IndexController - 收到请求
2024-10-10 12:49:58 [http-nio-8080-exec-1] INFO  IndexController - 收到请求
2024-10-10 12:49:58 [http-nio-8080-exec-2] INFO  IndexController - 收到请求
2024-10-10 12:49:58 [http-nio-8080-exec-3] INFO  IndexController - 收到请求
2024-10-10 12:49:59 [http-nio-8080-exec-4] INFO  IndexController - 收到请求
2024-10-10 12:49:59 [http-nio-8080-exec-5] INFO  IndexController - 收到请求
2024-10-10 12:49:59 [http-nio-8080-exec-6] INFO  IndexController - 收到请求
2024-10-10 12:49:59 [http-nio-8080-exec-7] INFO  IndexController - 收到请求
2024-10-10 12:49:59 [http-nio-8080-exec-8] INFO  IndexController - 收到请求
2024-10-10 12:50:00 [http-nio-8080-exec-9] INFO  IndexController - 收到请求
2024-10-10 12:50:00 [http-nio-8080-exec-10] INFO  IndexController - 收到请求
2024-10-10 12:50:00 [http-nio-8080-exec-1] INFO  IndexController - 收到请求
2024-10-10 12:50:00 [http-nio-8080-exec-2] INFO  IndexController - 收到请求
2024-10-10 12:50:00 [http-nio-8080-exec-3] INFO  IndexController - 收到请求
2024-10-10 12:50:00 [http-nio-8080-exec-4] INFO  IndexController - 收到请求
2024-10-10 12:50:01 [http-nio-8080-exec-5] INFO  IndexController - 收到请求
2024-10-10 12:50:01 [http-nio-8080-exec-6] INFO  IndexController - 收到请求
2024-10-10 12:50:01 [http-nio-8080-exec-7] INFO  IndexController - 收到请求
2024-10-10 12:50:01 [http-nio-8080-exec-8] INFO  IndexController - 收到请求
2024-10-10 12:50:01 [http-nio-8080-exec-9] INFO  IndexController - 收到请求
2024-10-10 12:50:02 [http-nio-8080-exec-10] INFO  IndexController - 收到请求
2024-10-10 12:50:02 [http-nio-8080-exec-1] INFO  IndexController - 收到请求
2024-10-10 12:50:02 [http-nio-8080-exec-2] INFO  IndexController - 收到请求
2024-10-10 12:50:02 [http-nio-8080-exec-3] INFO  IndexController - 收到请求
2024-10-10 12:50:02 [http-nio-8080-exec-4] INFO  IndexController - 收到请求
2024-10-10 12:50:02 [http-nio-8080-exec-5] INFO  IndexController - 收到请求
2024-10-10 12:50:03 [http-nio-8080-exec-6] INFO  IndexController - 收到请求
2024-10-10 12:50:03 [http-nio-8080-exec-7] INFO  IndexController - 收到请求
2024-10-10 12:50:03 [http-nio-8080-exec-8] INFO  IndexController - 收到请求
2024-10-10 12:50:03 [http-nio-8080-exec-9] INFO  IndexController - 收到请求
2024-10-10 12:50:03 [http-nio-8080-exec-10] INFO  IndexController - 收到请求
2024-10-10 12:50:03 [http-nio-8080-exec-1] INFO  IndexController - 收到请求
2024-10-10 12:50:04 [http-nio-8080-exec-2] INFO  IndexController - 收到请求
2024-10-10 12:50:04 [http-nio-8080-exec-3] INFO  IndexController - 收到请求
2024-10-10 12:50:04 [http-nio-8080-exec-4] INFO  IndexController - 收到请求
2024-10-10 12:50:04 [http-nio-8080-exec-5] INFO  IndexController - 收到请求
2024-10-10 12:50:04 [http-nio-8080-exec-6] INFO  IndexController - 收到请求
2024-10-10 12:50:05 [http-nio-8080-exec-7] INFO  IndexController - 收到请求
2024-10-10 12:50:05 [http-nio-8080-exec-8] INFO  IndexController - 收到请求
2024-10-10 12:50:05 [http-nio-8080-exec-9] INFO  IndexController - 收到请求
2024-10-10 12:50:05 [http-nio-8080-exec-10] INFO  IndexController - 收到请求
2024-10-10 12:50:05 [http-nio-8080-exec-1] INFO  IndexController - 收到请求
2024-10-10 12:50:05 [http-nio-8080-exec-2] INFO  IndexController - 收到请求
2024-10-10 12:50:06 [http-nio-8080-exec-3] INFO  IndexController - 收到请求
2024-10-10 12:50:06 [http-nio-8080-exec-4] INFO  IndexController - 收到请求
2024-10-10 12:50:06 [http-nio-8080-exec-5] INFO  IndexController - 收到请求
2024-10-10 12:50:06 [http-nio-8080-exec-6] INFO  IndexController - 收到请求
2024-10-10 12:50:06 [http-nio-8080-exec-7] INFO  IndexController - 收到请求
2024-10-10 12:50:07 [http-nio-8080-exec-8] INFO  IndexController - 收到请求
2024-10-10 12:50:07 [http-nio-8080-exec-9] INFO  IndexController - 收到请求
2024-10-10 12:50:07 [http-nio-8080-exec-10] INFO  IndexController - 收到请求
2024-10-10 12:50:07 [http-nio-8080-exec-1] INFO  IndexController - 收到请求
2024-10-10 12:50:07 [http-nio-8080-exec-2] INFO  IndexController - 收到请求
2024-10-10 12:50:07 [http-nio-8080-exec-3] INFO  IndexController - 收到请求
2024-10-10 12:50:08 [http-nio-8080-exec-4] INFO  IndexController - 收到请求
2024-10-10 12:50:08 [http-nio-8080-exec-5] INFO  IndexController - 收到请求
2024-10-10 12:50:08 [http-nio-8080-exec-6] INFO  IndexController - 收到请求
2024-10-10 12:50:08 [http-nio-8080-exec-7] INFO  IndexController - 收到请求
2024-10-10 12:50:08 [http-nio-8080-exec-8] INFO  IndexController - 收到请求
2024-10-10 12:50:08 [http-nio-8080-exec-9] INFO  IndexController - 收到请求
2024-10-10 12:50:09 [http-nio-8080-exec-10] INFO  IndexController - 收到请求
2024-10-10 12:50:09 [http-nio-8080-exec-1] INFO  IndexController - 收到请求
2024-10-10 12:50:09 [http-nio-8080-exec-2] INFO  IndexController - 收到请求
2024-10-10 12:50:09 [http-nio-8080-exec-3] INFO  IndexController - 收到请求
2024-10-10 14:41:49 [main] INFO  MyWebApplication - Starting MyWebApplication using Java 23 with PID 3196 (D:\git\i-notes\web\target\classes started by admin in D:\git\i-notes\web)
2024-10-10 14:41:49 [main] INFO  MyWebApplication - No active profile set, falling back to 1 default profile: "default"
2024-10-10 14:41:51 [main] INFO  TomcatWebServer - Tomcat initialized with port 8080 (http)
2024-10-10 14:41:51 [main] INFO  Http11NioProtocol - Initializing ProtocolHandler ["http-nio-8080"]
2024-10-10 14:41:51 [main] INFO  StandardService - Starting service [Tomcat]
2024-10-10 14:41:51 [main] INFO  StandardEngine - Starting Servlet engine: [Apache Tomcat/10.1.30]
2024-10-10 14:41:51 [main] INFO  [/] - Initializing Spring embedded WebApplicationContext
2024-10-10 14:41:51 [main] INFO  ServletWebServerApplicationContext - Root WebApplicationContext: initialization completed in 1702 ms
2024-10-10 14:41:52 [main] INFO  Http11NioProtocol - Starting ProtocolHandler ["http-nio-8080"]
2024-10-10 14:41:52 [main] INFO  TomcatWebServer - Tomcat started on port 8080 (http) with context path '/'
2024-10-10 14:41:52 [main] INFO  MyWebApplication - Started MyWebApplication in 2.835 seconds (process running for 4.156)
2024-10-10 14:41:58 [http-nio-8080-exec-3] INFO  [/] - Initializing Spring DispatcherServlet 'dispatcherServlet'
2024-10-10 14:41:58 [http-nio-8080-exec-3] INFO  DispatcherServlet - Initializing Servlet 'dispatcherServlet'
2024-10-10 14:41:58 [http-nio-8080-exec-3] INFO  DispatcherServlet - Completed initialization in 3 ms
2024-10-10 14:41:58 [http-nio-8080-exec-3] INFO  IndexController - 收到请求
2024-10-10 16:14:43 [http-nio-8080-exec-5] INFO  IndexController - 收到请求
2024-10-10 16:38:12 [http-nio-8080-exec-8] INFO  IndexController - 收到请求
